<?xml version="1.0" encoding="UTF-8"?>
<!-- Generated by org.testng.reporters.JUnitReportReporter -->
<testsuite hostname="SEW-APAC-619" name="com.learnings.lambda.Lambda3" tests="3" failures="0" timestamp="20 Aug 2021 14:13:55 GMT" time="0.322" errors="0">
  <testcase name="match" time="0.189" classname="com.learnings.lambda.Lambda3"/>
  <testcase name="streamCollect" time="0.019" classname="com.learnings.lambda.Lambda3"/>
  <testcase name="streamDistinct" time="0.114" classname="com.learnings.lambda.Lambda3"/>
</testsuite> <!-- com.learnings.lambda.Lambda3 -->
