<?xml version="1.0" encoding="UTF-8"?>
<!-- Generated by org.testng.reporters.JUnitReportReporter -->
<testsuite hostname="SEW-APAC-619" name="com.learnings.docker.CountWithFirstLetter" tests="2" failures="0" timestamp="12 Aug 2021 10:26:02 GMT" time="0.327" errors="0">
  <testcase name="countLetterStream" time="0.279" classname="com.learnings.docker.CountWithFirstLetter"/>
  <testcase name="countLetter" time="0.048" classname="com.learnings.docker.CountWithFirstLetter"/>
</testsuite> <!-- com.learnings.docker.CountWithFirstLetter -->
