<?xml version="1.0" encoding="UTF-8"?>
<!-- Generated by org.testng.reporters.JUnitReportReporter -->
<testsuite hostname="SEW-APAC-619" name="com.learnings.lambda.Lambda2" tests="4" failures="0" timestamp="19 Aug 2021 16:13:30 GMT" time="1.001" errors="0">
  <testcase name="stremMapSorted" time="0.062" classname="com.learnings.lambda.Lambda2"/>
  <testcase name="concant" time="0.728" classname="com.learnings.lambda.Lambda2"/>
  <testcase name="printStream" time="0.091" classname="com.learnings.lambda.Lambda2"/>
  <testcase name="stremMap" time="0.120" classname="com.learnings.lambda.Lambda2"/>
</testsuite> <!-- com.learnings.lambda.Lambda2 -->
