<?xml version="1.0" encoding="UTF-8"?>
<!-- Generated by org.testng.reporters.JUnitReportReporter -->
<testsuite hostname="SEW-APAC-619" name="com.learnings.testng.WindowsValidations" tests="4" failures="0" timestamp="28 Sep 2021 10:23:49 GMT" time="0.020" errors="0">
  <testcase name="showMob" time="0.007" classname="com.learnings.testng.WindowsValidations"/>
  <testcase name="showWeb" time="0.006" classname="com.learnings.testng.WindowsValidations"/>
  <testcase name="showMob1" time="0.005" classname="com.learnings.testng.WindowsValidations"/>
  <testcase name="showWeb1" time="0.002" classname="com.learnings.testng.WindowsValidations"/>
</testsuite> <!-- com.learnings.testng.WindowsValidations -->
