<?xml version="1.0" encoding="UTF-8"?>
<!-- Generated by org.testng.reporters.JUnitReportReporter -->
<testsuite hostname="SEW-APAC-619" name="com.learnings.testng.MacValidations" tests="2" failures="0" timestamp="28 Sep 2021 13:23:37 GMT" time="0.027" errors="0">
  <testcase name="showMob1" time="0.021" classname="com.learnings.testng.MacValidations"/>
  <testcase name="showWeb1" time="0.006" classname="com.learnings.testng.MacValidations"/>
</testsuite> <!-- com.learnings.testng.MacValidations -->
