<?xml version="1.0" encoding="UTF-8"?>
<!-- Generated by org.testng.reporters.JUnitReportReporter -->
<testsuite hostname="SEW-APAC-619" name="com.learnings.docker.ChromeExecution" tests="1" failures="0" timestamp="9 Aug 2021 13:27:56 GMT" time="92.564" errors="0">
  <testcase name="Chrome" time="92.564" classname="com.learnings.docker.ChromeExecution"/>
</testsuite> <!-- com.learnings.docker.ChromeExecution -->
