<?xml version="1.0" encoding="UTF-8"?>
<!-- Generated by org.testng.reporters.JUnitReportReporter -->
<testsuite hostname="SEW-APAC-619" name="com.learnings.testng.TestDataProvider" tests="3" failures="0" timestamp="30 Sep 2021 11:36:32 GMT" time="0.021" errors="0">
  <testcase name="workWithDataProvider" time="0.006" classname="com.learnings.testng.TestDataProvider"/>
  <testcase name="workWithDataProvider" time="0.011" classname="com.learnings.testng.TestDataProvider"/>
  <testcase name="workWithDataProvider" time="0.004" classname="com.learnings.testng.TestDataProvider"/>
</testsuite> <!-- com.learnings.testng.TestDataProvider -->
