<?xml version="1.0" encoding="UTF-8"?>
<!-- Generated by org.testng.reporters.JUnitReportReporter -->
<testsuite hostname="SEW-APAC-619" name="com.learnings.lambda.Lambda2" tests="1" failures="0" timestamp="18 Aug 2021 12:56:18 GMT" time="0.425" errors="0">
  <testcase name="printStream" time="0.425" classname="com.learnings.lambda.Lambda2"/>
</testsuite> <!-- com.learnings.lambda.Lambda2 -->
