<?xml version="1.0" encoding="UTF-8"?>
<!-- Generated by org.testng.reporters.JUnitReportReporter -->
<testsuite hostname="SEW-APAC-619" name="com.learnings.test.HomePageTest" tests="1" failures="0" timestamp="28 Sep 2021 13:10:11 GMT" time="22.186" errors="0">
  <testcase name="validateLogin" time="22.186" classname="com.learnings.test.HomePageTest"/>
</testsuite> <!-- com.learnings.test.HomePageTest -->
