<?xml version="1.0" encoding="UTF-8"?>
<!-- Generated by org.testng.reporters.JUnitReportReporter -->
<testsuite hostname="SEW-APAC-619" name="com.learnings.test.HomePageTest" tests="1" failures="0" timestamp="29 Sep 2021 05:12:45 GMT" time="27.725" errors="0">
  <testcase name="validateLogin" time="27.725" classname="com.learnings.test.HomePageTest"/>
</testsuite> <!-- com.learnings.test.HomePageTest -->
