<?xml version="1.0" encoding="UTF-8"?>
<!-- Generated by org.testng.reporters.JUnitReportReporter -->
<testsuite hostname="SEW-APAC-619" name="com.learnings.test.HomePageTest" tests="1" failures="0" timestamp="30 Sep 2021 14:05:09 GMT" time="32.671" errors="0">
  <testcase name="validateLogin" time="32.671" classname="com.learnings.test.HomePageTest"/>
</testsuite> <!-- com.learnings.test.HomePageTest -->
