<?xml version="1.0" encoding="UTF-8"?>
<!-- Generated by org.testng.reporters.JUnitReportReporter -->
<testsuite hostname="SEW-APAC-619" name="com.learnings.docker.DataProviderExcel" tests="3" failures="0" timestamp="12 Aug 2021 08:25:51 GMT" time="0.044" errors="0">
  <testcase name="getTest" time="0.030" classname="com.learnings.docker.DataProviderExcel"/>
  <testcase name="getTest" time="0.005" classname="com.learnings.docker.DataProviderExcel"/>
  <testcase name="getTest" time="0.009" classname="com.learnings.docker.DataProviderExcel"/>
</testsuite> <!-- com.learnings.docker.DataProviderExcel -->
