<?xml version="1.0" encoding="UTF-8"?>
<!-- Generated by org.testng.reporters.JUnitReportReporter -->
<testsuite hostname="SEW-APAC-619" name="com.learnings.docker.Practice" tests="1" failures="0" timestamp="28 Sep 2021 10:03:14 GMT" time="0.013" errors="0">
  <testcase name="helloWorld" time="0.013" classname="com.learnings.docker.Practice"/>
</testsuite> <!-- com.learnings.docker.Practice -->
