<?xml version="1.0" encoding="UTF-8"?>
<!-- Generated by org.testng.reporters.JUnitReportReporter -->
<testsuite hostname="SEW-APAC-619" name="com.learnings.test.HomePageTest2" tests="1" failures="0" timestamp="30 Sep 2021 14:05:09 GMT" time="38.534" errors="0">
  <testcase name="validateLogin" time="38.534" classname="com.learnings.test.HomePageTest2"/>
</testsuite> <!-- com.learnings.test.HomePageTest2 -->
