<?xml version="1.0" encoding="UTF-8"?>
<!-- Generated by org.testng.reporters.JUnitReportReporter -->
<testsuite hostname="SEW-APAC-619" name="com.learnings.testng.MacValidations" tests="4" failures="0" timestamp="28 Sep 2021 10:23:49 GMT" time="0.027" errors="0">
  <testcase name="showMob" time="0.020" classname="com.learnings.testng.MacValidations"/>
  <testcase name="showMob1" time="0.003" classname="com.learnings.testng.MacValidations"/>
  <testcase name="showWeb1" time="0.002" classname="com.learnings.testng.MacValidations"/>
  <testcase name="showWeb" time="0.002" classname="com.learnings.testng.MacValidations"/>
</testsuite> <!-- com.learnings.testng.MacValidations -->
