<?xml version="1.0" encoding="UTF-8"?>
<!-- Generated by org.testng.reporters.JUnitReportReporter -->
<testsuite hostname="SEW-APAC-619" name="com.learnings.docker.DataProviderTesting" tests="3" failures="0" timestamp="12 Aug 2021 07:21:07 GMT" time="0.039" errors="0">
  <testcase name="getTest" time="0.002" classname="com.learnings.docker.DataProviderTesting"/>
  <testcase name="getTest" time="0.019" classname="com.learnings.docker.DataProviderTesting"/>
  <testcase name="getTest" time="0.018" classname="com.learnings.docker.DataProviderTesting"/>
</testsuite> <!-- com.learnings.docker.DataProviderTesting -->
